<?xml version="1.0" encoding="UTF-8"?>
<!-- Generated by org.testng.reporters.JUnitReportReporter -->
<testsuite skipped="0" hostname="DESKTOP-7M3VN73" name="StaticJason" tests="1" failures="0" timestamp="28 Jun 2019 19:38:26 GMT" time="4.016" errors="0">
  <testcase name="addBook" time="4.016" classname="StaticJason"/>
</testsuite> <!-- StaticJason -->
