<?xml version="1.0" encoding="UTF-8"?>
<!-- Generated by org.testng.reporters.JUnitReportReporter -->
<testsuite skipped="0" hostname="DESKTOP-7M3VN73" name="ilkdeneme" tests="1" failures="0" timestamp="12 Jul 2019 21:19:52 GMT" time="1.890" errors="0">
  <testcase name="getBook" time="1.890" classname="ilkdeneme"/>
</testsuite> <!-- ilkdeneme -->
