<?xml version="1.0" encoding="UTF-8"?>
<!-- Generated by org.testng.reporters.JUnitReportReporter -->
<testsuite skipped="0" hostname="DESKTOP-7M3VN73" name="Basic2" tests="1" failures="0" timestamp="27 Jun 2019 18:18:13 GMT" time="4.257" errors="0">
  <testcase name="createPlaceAPI" time="4.257" classname="Basic2"/>
</testsuite> <!-- Basic2 -->
