<?xml version="1.0" encoding="UTF-8"?>
<!-- Generated by org.testng.reporters.JUnitReportReporter -->
<testsuite skipped="0" hostname="DESKTOP-7M3VN73" name="BenimDenemem" tests="1" failures="0" timestamp="27 Jun 2019 18:40:52 GMT" time="2.901" errors="0">
  <testcase name="deneme1" time="2.901" classname="BenimDenemem"/>
</testsuite> <!-- BenimDenemem -->
