<?xml version="1.0" encoding="UTF-8"?>
<!-- Generated by org.testng.reporters.JUnitReportReporter -->
<testsuite skipped="0" hostname="DESKTOP-7M3VN73" name="Basics" tests="1" failures="0" timestamp="27 Jun 2019 17:33:45 GMT" time="3.195" errors="0">
  <testcase name="deneme" time="3.195" classname="Basics"/>
</testsuite> <!-- Basics -->
