<?xml version="1.0" encoding="UTF-8"?>
<!-- Generated by org.testng.reporters.JUnitReportReporter -->
<testsuite skipped="0" hostname="DESKTOP-7M3VN73" name="ExcelDriven" tests="1" failures="0" timestamp="28 Jun 2019 18:45:03 GMT" time="3.967" errors="0">
  <testcase name="postData" time="3.967" classname="ExcelDriven"/>
</testsuite> <!-- ExcelDriven -->
